<?xml version="1.0" encoding="UTF-8"?>
<!-- Generated by org.testng.reporters.JUnitReportReporter -->
<testsuite hostname="zombieCentral-8803" failures="0" tests="3" name="com.crm.qa.testcases.LoginPageTest" time="16.986" errors="0" timestamp="2021-09-13T22:32:56 CDT" skipped="0">
  <testcase classname="com.crm.qa.testcases.LoginPageTest" name="loginPageTitleTest" time="3.508"/>
  <system-out/>
  <testcase classname="com.crm.qa.testcases.LoginPageTest" name="crmLogoImageTest" time="4.823"/>
  <system-out/>
  <testcase classname="com.crm.qa.testcases.LoginPageTest" name="loginTest" time="8.655"/>
  <system-out/>
</testsuite> <!-- com.crm.qa.testcases.LoginPageTest -->
