<?xml version="1.0" encoding="UTF-8"?>
<!-- Generated by org.testng.reporters.JUnitReportReporter -->
<testsuite hostname="zombieCentral-8803" failures="0" tests="3" name="com.crm.qa.testcases.HomePageTest" time="24.939" errors="0" timestamp="2021-09-13T22:32:56 CDT" skipped="0">
  <testcase classname="com.crm.qa.testcases.HomePageTest" name="verifyHomePageTitleTest" time="9.112"/>
  <system-out/>
  <testcase classname="com.crm.qa.testcases.HomePageTest" name="verifyUserNameTest" time="8.931"/>
  <system-out/>
  <testcase classname="com.crm.qa.testcases.HomePageTest" name="verifyContactsLinkTest" time="6.896"/>
  <system-out/>
</testsuite> <!-- com.crm.qa.testcases.HomePageTest -->
